<?xml version="1.0" encoding="UTF-8"?>
<testsuite name="com.dessert.ringring.db.DBConfig" tests="1" skipped="0" failures="0" errors="0" timestamp="2021-02-18T14:30:55" hostname="MINA" time="2.08">
  <properties/>
  <testcase name="listGoods()" classname="com.dessert.ringring.db.DBConfig" time="2.08"/>
  <system-out><![CDATA[23:30:33.926 [Test worker] DEBUG org.springframework.test.context.BootstrapUtils - Instantiating CacheAwareContextLoaderDelegate from class [org.springframework.test.context.cache.DefaultCacheAwareContextLoaderDelegate]
23:30:34.126 [Test worker] DEBUG org.springframework.test.context.BootstrapUtils - Instantiating BootstrapContext using constructor [public org.springframework.test.context.support.DefaultBootstrapContext(java.lang.Class,org.springframework.test.context.CacheAwareContextLoaderDelegate)]
23:30:34.298 [Test worker] DEBUG org.springframework.test.context.BootstrapUtils - Instantiating TestContextBootstrapper for test class [com.dessert.ringring.db.DBConfig] from class [org.springframework.boot.test.context.SpringBootTestContextBootstrapper]
23:30:34.329 [Test worker] INFO org.springframework.boot.test.context.SpringBootTestContextBootstrapper - Neither @ContextConfiguration nor @ContextHierarchy found for test class [com.dessert.ringring.db.DBConfig], using SpringBootContextLoader
23:30:34.347 [Test worker] DEBUG org.springframework.test.context.support.AbstractContextLoader - Did not detect default resource location for test class [com.dessert.ringring.db.DBConfig]: class path resource [com/dessert/ringring/db/DBConfig-context.xml] does not exist
23:30:34.350 [Test worker] DEBUG org.springframework.test.context.support.AbstractContextLoader - Did not detect default resource location for test class [com.dessert.ringring.db.DBConfig]: class path resource [com/dessert/ringring/db/DBConfigContext.groovy] does not exist
23:30:34.352 [Test worker] INFO org.springframework.test.context.support.AbstractContextLoader - Could not detect default resource locations for test class [com.dessert.ringring.db.DBConfig]: no resource found for suffixes {-context.xml, Context.groovy}.
23:30:34.358 [Test worker] INFO org.springframework.test.context.support.AnnotationConfigContextLoaderUtils - Could not detect default configuration classes for test class [com.dessert.ringring.db.DBConfig]: DBConfig does not declare any static, non-private, non-final, nested classes annotated with @Configuration.
23:30:34.554 [Test worker] DEBUG org.springframework.test.context.support.ActiveProfilesUtils - Could not find an 'annotation declaring class' for annotation type [org.springframework.test.context.ActiveProfiles] and class [com.dessert.ringring.db.DBConfig]
23:30:34.966 [Test worker] DEBUG org.springframework.context.annotation.ClassPathScanningCandidateComponentProvider - Identified candidate component class: file [C:\Users\minaring\Desktop\RingRing\ringring\build\classes\java\main\com\dessert\ringring\RingringApplication.class]
23:30:34.977 [Test worker] INFO org.springframework.boot.test.context.SpringBootTestContextBootstrapper - Found @SpringBootConfiguration com.dessert.ringring.RingringApplication for test class com.dessert.ringring.db.DBConfig
23:30:35.643 [Test worker] DEBUG org.springframework.boot.test.context.SpringBootTestContextBootstrapper - @TestExecutionListeners is not present for class [com.dessert.ringring.db.DBConfig]: using defaults.
23:30:35.646 [Test worker] INFO org.springframework.boot.test.context.SpringBootTestContextBootstrapper - Loaded default TestExecutionListener class names from location [META-INF/spring.factories]: [org.springframework.boot.test.autoconfigure.restdocs.RestDocsTestExecutionListener, org.springframework.boot.test.autoconfigure.web.client.MockRestServiceServerResetTestExecutionListener, org.springframework.boot.test.autoconfigure.web.servlet.MockMvcPrintOnlyOnFailureTestExecutionListener, org.springframework.boot.test.autoconfigure.web.servlet.WebDriverTestExecutionListener, org.springframework.boot.test.autoconfigure.webservices.client.MockWebServiceServerTestExecutionListener, org.springframework.boot.test.mock.mockito.MockitoTestExecutionListener, org.springframework.boot.test.mock.mockito.ResetMocksTestExecutionListener, org.springframework.test.context.web.ServletTestExecutionListener, org.springframework.test.context.support.DirtiesContextBeforeModesTestExecutionListener, org.springframework.test.context.support.DependencyInjectionTestExecutionListener, org.springframework.test.context.support.DirtiesContextTestExecutionListener, org.springframework.test.context.transaction.TransactionalTestExecutionListener, org.springframework.test.context.jdbc.SqlScriptsTestExecutionListener, org.springframework.test.context.event.EventPublishingTestExecutionListener]
23:30:35.747 [Test worker] INFO org.springframework.boot.test.context.SpringBootTestContextBootstrapper - Using TestExecutionListeners: [org.springframework.test.context.web.ServletTestExecutionListener@3618c190, org.springframework.test.context.support.DirtiesContextBeforeModesTestExecutionListener@345b894c, org.springframework.boot.test.mock.mockito.MockitoTestExecutionListener@72a86962, org.springframework.boot.test.autoconfigure.SpringBootDependencyInjectionTestExecutionListener@27b4a3cd, org.springframework.test.context.support.DirtiesContextTestExecutionListener@5750e2ea, org.springframework.test.context.transaction.TransactionalTestExecutionListener@3fa910a5, org.springframework.test.context.jdbc.SqlScriptsTestExecutionListener@e7b9d4b, org.springframework.test.context.event.EventPublishingTestExecutionListener@cd3ed82, org.springframework.boot.test.autoconfigure.restdocs.RestDocsTestExecutionListener@5c440940, org.springframework.boot.test.autoconfigure.web.client.MockRestServiceServerResetTestExecutionListener@2b9f1655, org.springframework.boot.test.autoconfigure.web.servlet.MockMvcPrintOnlyOnFailureTestExecutionListener@795c57a8, org.springframework.boot.test.autoconfigure.web.servlet.WebDriverTestExecutionListener@6af00afc, org.springframework.boot.test.autoconfigure.webservices.client.MockWebServiceServerTestExecutionListener@168210eb, org.springframework.boot.test.mock.mockito.ResetMocksTestExecutionListener@45fc91d0]
23:30:35.772 [Test worker] DEBUG org.springframework.test.context.support.AbstractDirtiesContextTestExecutionListener - Before test class: context [DefaultTestContext@fd62be3 testClass = DBConfig, testInstance = [null], testMethod = [null], testException = [null], mergedContextConfiguration = [WebMergedContextConfiguration@730b332a testClass = DBConfig, locations = '{}', classes = '{class com.dessert.ringring.RingringApplication}', contextInitializerClasses = '[]', activeProfiles = '{}', propertySourceLocations = '{}', propertySourceProperties = '{org.springframework.boot.test.context.SpringBootTestContextBootstrapper=true}', contextCustomizers = set[org.springframework.boot.test.autoconfigure.actuate.metrics.MetricsExportContextCustomizerFactory$DisableMetricExportContextCustomizer@55fa2b0e, org.springframework.boot.test.autoconfigure.properties.PropertyMappingContextCustomizer@0, org.springframework.boot.test.autoconfigure.web.servlet.WebDriverContextCustomizerFactory$Customizer@78af71be, org.springframework.boot.test.context.filter.ExcludeFilterContextCustomizer@1e677ae8, org.springframework.boot.test.json.DuplicateJsonObjectContextCustomizerFactory$DuplicateJsonObjectContextCustomizer@7cea0aab, org.springframework.boot.test.mock.mockito.MockitoContextCustomizer@0, org.springframework.boot.test.web.client.TestRestTemplateContextCustomizer@520b621d, org.springframework.boot.test.context.SpringBootTestArgs@1, org.springframework.boot.test.context.SpringBootTestWebEnvironment@1d56d038], resourceBasePath = 'src/main/webapp', contextLoader = 'org.springframework.boot.test.context.SpringBootContextLoader', parent = [null]], attributes = map['org.springframework.test.context.web.ServletTestExecutionListener.activateListener' -> true]], class annotated with @DirtiesContext [false] with mode [null].
23:30:35.906 [Test worker] DEBUG org.springframework.test.context.support.TestPropertySourceUtils - Adding inlined properties to environment: {spring.jmx.enabled=false, org.springframework.boot.test.context.SpringBootTestContextBootstrapper=true}

  .   ____          _            __ _ _
 /\\ / ___'_ __ _ _(_)_ __  __ _ \ \ \ \
( ( )\___ | '_ | '_| | '_ \/ _` | \ \ \ \
 \\/  ___)| |_)| | | | | || (_| |  ) ) ) )
  '  |____| .__|_| |_|_| |_\__, | / / / /
 =========|_|==============|___/=/_/_/_/
 :: Spring Boot ::                (v2.4.1)

2021-02-18 23:30:37.422  INFO 31044 --- [    Test worker] com.dessert.ringring.db.DBConfig         : Starting DBConfig using Java 1.8.0_261 on mina with PID 31044 (started by 미나 in C:\Users\minaring\Desktop\RingRing\ringring)
2021-02-18 23:30:37.436  INFO 31044 --- [    Test worker] com.dessert.ringring.db.DBConfig         : No active profile set, falling back to default profiles: default
2021-02-18 23:30:41.867  INFO 31044 --- [    Test worker] .s.d.r.c.RepositoryConfigurationDelegate : Bootstrapping Spring Data JDBC repositories in DEFAULT mode.
2021-02-18 23:30:41.995  INFO 31044 --- [    Test worker] .s.d.r.c.RepositoryConfigurationDelegate : Finished Spring Data repository scanning in 109 ms. Found 0 JDBC repository interfaces.
2021-02-18 23:30:44.163  INFO 31044 --- [    Test worker] trationDelegate$BeanPostProcessorChecker : Bean 'org.springframework.ws.config.annotation.DelegatingWsConfiguration' of type [org.springframework.ws.config.annotation.DelegatingWsConfiguration$$EnhancerBySpringCGLIB$$d26cbf48] is not eligible for getting processed by all BeanPostProcessors (for example: not eligible for auto-proxying)
2021-02-18 23:30:44.621  INFO 31044 --- [    Test worker] .w.s.a.s.AnnotationActionEndpointMapping : Supporting [WS-Addressing August 2004, WS-Addressing 1.0]
2021-02-18 23:30:45.391  INFO 31044 --- [    Test worker] com.zaxxer.hikari.HikariDataSource       : HikariPool-1 - Starting...
2021-02-18 23:30:46.083  INFO 31044 --- [    Test worker] com.zaxxer.hikari.HikariDataSource       : HikariPool-1 - Start completed.
2021-02-18 23:30:49.668  INFO 31044 --- [    Test worker] o.s.s.concurrent.ThreadPoolTaskExecutor  : Initializing ExecutorService 'applicationTaskExecutor'
2021-02-18 23:30:55.058  INFO 31044 --- [    Test worker] com.dessert.ringring.db.DBConfig         : Started DBConfig in 19.122 seconds (JVM running for 25.295)
[DTOGoods(idx=1, name=블루베리타르트, price=15000, stock=10, img=\images\none.jpg, shortDetail=블루베리타르트, detail=생글탱글 블루베리 타르트, weight=300g, category1=Bread, category2=타르트), DTOGoods(idx=2, name=fewf, price=345, stock=345, img=\upload\none.jpg, shortDetail=5345, detail=fwef, weight=5345, category1=345, category2=3453), DTOGoods(idx=3, name=c324, price=234, stock=234, img=/upload/2021/02/18/fa097e79-48e3-419d-9f13-a6ba6bef09fe_blueberries-3946230_640.jpg, shortDetail=234, detail=234, weight=234, category1=234, category2=234), DTOGoods(idx=4, name=오렌지컵케이크, price=5000, stock=10, img=/upload/2021/02/18/ea7b5cb6-fc9b-4bb8-ae29-25adda945fde_cupcake-2588646_640.jpg, shortDetail=생크림컵케이크, detail=오렌지필과 생크림이 올라간 컵, weight=100g, category1=Bread, category2=cake), DTOGoods(idx=5, name=4323, price=4234, stock=4234, img=/upload/2021/02/18/f598ccf1-8262-4b3f-86ad-260ac6b62468_apple-pie.png, shortDetail=234, detail=4234, weight=42, category1=4234, category2=523254), DTOGoods(idx=6, name=2133, price=213, stock=412, img=/upload/2021/02/18/dc2abb28-82b3-4083-b3bc-c679573ef987_cookies-3798903_640.jpg, shortDetail=41312, detail=214, weight=412, category1=3213, category2=23213)]
6
]]></system-out>
  <system-err><![CDATA[]]></system-err>
</testsuite>
